[  0.00000Initiizg cgrp ubsys put
[   0.0000] Initialzing cro subyscp
[    0.000000] niialing crou sbsyspuct
[  0000000] Linuvesion 4.4.112-gneric (buildd@gw01-md4-010) (gcc verio5.4.0 20069 (Uun 5.4.0-6uunu1~164.5) ) #135-Ubuntu SMP Fri Jan 19 11:48:36 UTC 2018 (Ubuntu 4.4.0-112.135-generic 4.4.98)
[    0.000000] Command line: BOOT_IMAGE=/boot/vmlinuz-4.4.0-112-generic root=LABEL=cloudimg-rootfs ro console=tty1 console=ttyS0
[   0.00000] KERNEL supported cpus:
[    0.000000]   Intel GenuineIntel
[    .00000  AM AuthetiAM
[   .000000]   Cntaur enaurau
[    0.0000] x86/fu:xsat_ofst[]: 56, xste_sizes[2: 25
[  000000]x8/fpu:Suortig SAE eature0x: 'x7 oating pointreisters'[    0.00000] x86/fu:SuportingSAE fetu 0x02: 'SS registers'
[    0.000000] x86/fpu: Supporng XAV featue x0: 'AV rgiers'[   0.00000] 86/fu:Enabedxsate fetues 0x7 cntex szeis 8 btes, usig tandard'fomat.
[  0.0000] 86/fpu: Usig lazy FU ontexswches.
[   000000] e0: BIOS-provied physical RAM map:
[    000000] BIOS-e820: [mem 0x000000000000x00000009ff]usable
   00000] BI-e20: [mem 000000009fc0-x00000000009ffff resrv
[    .0000]BIOS-e80:[m 0x00000000f0000-00000000000fff reserved
[    0.0000] BIOSe80: [me 00000000000000-x000000003ffeffff]sable
[    0.00000] BIS-82: [mem 0x00000000fff0000-0x000003fffffff] CP data
[  000000]IOS-e820 [m 0x00000fe00000x000000ec00ff]reered
[    0.0000] BOS-e820:[mm x000000ee00000x0000fe00ff] esered
[  0000000] BIOS-e8: mem 0x000000fffc0000-0x00000fffffff] reseved
   0.0000]NX (xete Disabe)proteio: atie
[    0.000] SMBIOS 2.5 present.
[    0.000000] Hypervisor detected: KVM
[    0.000000] e820: lstfn = 0x3fff0 max_arc_pn  0x400000
[   0.0000] TR Disbl
[   0.00000] x86/PAT: MRR dsabld,skpping PAT initalizti to.
[    0.000000] CPU MTRRs all blank - virtualized system.
[    0.000000] x86/PAT: Configuration [0-7]: WB  WT  UC- UC  WB  WT  UC- UC  
[    0.000000] found SMP MP-table at [mem 0x0009fff0-0x0009fff]appedt ffff8800009fff0]
[    .00000] Sanin 1 aeafor low meor crrption[    000000]RAISK: [mem 0x6ac00-07565fff]
  0.00000 API Ear tble checksum verification disabled
[    0.000000] ACPI: RSDP 0x0000000000E000 00024(v2 OX )
[  000000] ACI:SDT 00000003FF30 00003C (v1 BOX  VOXDT 00000001SL  000061
[   00000] PI FACP0x000003FF0F0000F4v0 VBX   VBOXFACP 0000000 AL  000061
   000000]ACI:DST 0x0000003FFF040 001FF (02BOX  VOXIO 00000INTL200058)
   0000000 ACPI FCS 0x0000003FF020 0040[   .00000ACPI: FACS 00000003FF2000004
[   0.0000 API APIC 0x000000003FFF0240 00005C (v02 VBOX   VBOXAPIC 00000001 ASL  00000061)
[    0.000000] ACPI: SSDT 0x000000003FFF02A0 0001CC (v01 VBOX   VBOXCPUT 00000002 INTL 20100528)
[   00000] o UMconfguaton fun
[    0.000000] Faking a node at [mem 0x0000000000000000-x00000003ffefff]
[  .000000]OD_DATA(0)allocaed [em0xffeb00x3ffff]
[    0.000000] kvm-clock: Using msrs 4b564d01 and4b6400
  0.0000] kvm-clock: cpu 0, msr 0:3ffe3001, primary cpu clock
[    0.000000] kvm-clock: using sched offset of 4074364 ccles[    0.00000 clocouce: vm-lock: mask: 0xfffffffffffff max_cycles: 0x1cd42e4dffb, max_idle_ns: 8815905948 ns[    0.000000] Zone ranges:
[    0.000000]   DMA      [mem 0x000000000001000-0x000000000ffffff]
[    0.000000]   DMA32    [mem 0x0000000001000000-0x000000003ffeffff]
[    0.000000]   Noral  empy[    0.000]   Dic   empy[    00000] ovle zo sart for eah od
  0.00000] ar mmorynoe anges[   .000]   node  0: [memx000000001000-0x0000000009efff]
[   .00000   nde  0:[me 0x00000000001000-0x0000003ffff]
[  0.00000Intmem setup de 0 [mem 0x0000000000001000-0x000000003ffeffff

[   000000] AC: M-Tim I Por 04008
[    0.000000] IOAPIC[0]: apic_id 2, version 32, addre 0fe0000 GSI-2
[    0.000000] ACPI: INT_SRC_OVR (bus 0 bus_irq 0 global_irq 2 dfl dfl)
[    0.000000] ACPI: INT_SRC_OVR (bus 0 bus_irq 9 global_irq 9 low level)
[    0.000000] Using ACPI (MADT) for SMP configuration information
[    0.000000] smpboot: Allowing 2 CPUs, 0 hotplug CPUs
[    0.000000] PM: Registered nosave memory: [me 0x0000000-0x00000fff]
[    00000] PM Registered nosave memory: [mem 0x0009f000-00009fff
    0.0000 PM: Restrednove memory: [mem x00a000-0000effff]
[    0.000000] PM: Registered nosave memory: [mem 0x000f0000-0x000fffff]
[    0.000000] e820: [mem 0x40000000-0xfebfffff] available for PCI devices
[    0.000000] Booting paravirtualized kernel on KVM
[    0.000000] clocksource: refined-jifes mask0xfffff mx_cyces0xffffffff, mx_le_ns: 76556002156 n
    .000000] setup_percpu: NR_CPUS:51 nr_pusk_bits:512 n_cpu_s: nr_node_is:
    0.000000] PERCPU: Embedded 3page/c @ffff80fc00000 s99544 r81 d315 u048576
[    0.000000PV qspilo hash tblentres 26 (ord: , 496bys)
[    0.0000] Buit 1 zonlitsin Node rder, mobiit groungon.  Total pages: 257913
[    0.000000] Poic zne: DMA3
[   0.0000] ernel cmmand line: BOOT_IMAGE=/boot/vmlinuz-4.4.0-112-generic root=LABEL=cloudimg-rootfs ro console=ty1 console=ttyS0
[    0.000000 PD hashabe entrie: 409 (rde:  32768 byte)[  0.00000Meory: 10170K10810K available (89Kkernl od, 139Kwdta, 88 rodat, 08K init, 131K bss, 4680reseve 0 cmarerved
    0.000000] SLUB: HWlign=64, Order=0-3, MinObjects=0, CPUs=2, Nodes=1
[    0.000000] Kernel/User page tables isolation: enabled
[    0.000000] Hierarchical RCU implementation.
[    0.000000] 	Build-time adjusmen of lef fnot to 64.
[   0.00000]	RU resticng CPUs omNR_CPUS=512 t nr_puds=2.
[   .0000] U:Adjusti gometry fr rcu_fanout_leaf=64, nr_cpu_ids=2
[    0.000000] NR_IRQS:33024 nr_irqs:440 16
[    0.000000] Console: colour VGA+ 80x25
[    0.000000] console [tty1] enabled
[    0.000000] console [tty0] ebld
[  0000000] tsc: Detected 1799.999 MHz processor
[   18.322916] Calibrating delay loop (skipped) preset value.. 3599.99 BogoMIPS (lpj=7199996)
[   18.456045] pid_max: default: 32768 minimum: 301
[   18.504809] ACPI: Core revision 20150930
[   18.568143] ACPI: 2 ACPI AML tables successfully acquired and loaded
[   18.614899] Security Framework initialized
[   18.664197] Yama: becoming mindful.
[   18.674363] AppArmor: AppArmor initialized
[   18.690823] Dentry cache hash table entries: 131072 (order: 8, 1048576 bytes)
[   18.709038] Inode-cache hash table entries: 65536 (order: 7, 524288 bytes)
[   18.769332] Mount-cache hash table entries: 2048 (order: 2, 16384 bytes)
[   18.865296] Mountpoint-cache hash table entries: 2048 (order: 2, 16384 bytes)
[   18.982323] Initializing cgroup subsys io
[   19.059923] Initializing cgroup subsys memory
[   19.126924] Initializing cgroup subsys devices
[   19.207447] Initializing cgroup subsys freezer
[   19.275109] Initializing cgroup subsys net_cls
[   19.355368] Initializing cgroup subsys perf_event
[   19.444891] Initializing cgroup subsys net_prio
[   19.520112] Initializing cgroup subsys hugetlb
[   19.595645] Initializing cgroup subsys pids
[   19.647356] CPU: Physical Processor ID: 0
[   19.714592] CPU: Processor Core ID: 0
[   19.743610] FEATURE SPEC_CTRL Not Present
[   19.746254] mce: CPU supports 0 MCE banks
[   19.747865] Last level iTLB entries: 4KB 64, 2MB 8, 4MB 8
[   19.749940] Last level dTLB entries: 4KB 64, 2MB 0, 4MB 0, 1GB 4
[   19.814806] Freeing SMP alternatives memory: 32K
[   19.871363] ftrace: allocating 32180 entries in 126 pages
[   19.980592] smpboot: APIC(0) Converting physical 0 to logical package 0
[   20.103411] smpboot: Max logical packages: 1
[   20.172314] x2apic enabled
[   20.229813] Switched APIC routing to physical x2apic.
[   20.325882] ..TIMER: vector=0x30 apic1=0 pin1=2 apic2=-1 pin2=-1
[   20.543181] smpboot: CPU0: Intel(R) Core(TM) i5-5350U CPU @ 1.80GHz (family: 0x6, model: 0x3d, stepping: 0x4)
[   20.715078] Performance Events: unsupported p6 CPU model 61 no PMU driver, software events only.
[   20.864928] KVM setup paravirtual spinlock
[   20.879042] x86: Booting SMP configuration:
[   20.896145] .... node  #0, CPUs:      #1
[   20.903246] kvm-clock: cpu 1, msr 0:3ffe3041, secondary cpu clock
[   20.942530] mce: CPU supports 0 MCE banks
[   20.967960] x86: Booted up 1 node, 2 CPUs
[   20.983185] smpboot: Total of 2 processors activated (7199.99 BogoMIPS)
[   21.015793] devtmpfs: initialized
[   21.073425] evm: security.selinux
[   21.116810] evm: security.SMACK64
[   21.148285] evm: security.SMACK64EXEC
[   21.185952] evm: security.SMACK64TRANSMUTE
[   21.218205] evm: security.SMACK64MMAP
[   21.242281] evm: security.ima
[   21.282897] evm: security.capability
[   21.316164] clocksource: jiffies: mask: 0xffffffff max_cycles: 0xffffffff, max_idle_ns: 7645041785100000 ns
[   21.410491] futex hash table entries: 512 (order: 3, 32768 bytes)
[   21.480811] pinctrl core: initialized pinctrl subsystem
[   21.510733] RTC time: 11:37:50, date: 03/07/18
[   21.536051] NET: Registered protocol family 16
[   21.600667] cpuidle: using governor ladder
[   21.652819] cpuidle: using governor menu
[   21.685695] PCCT header not found.
[   21.724549] ACPI: bus type PCI registered
[   21.760139] acpiphp: ACPI Hot Plug PCI Controller Driver version: 0.5
[   21.815437] PCI: Using configuration type 1 for base access
[   21.882228] ACPI: Added _OSI(Module Device)
[   21.894934] ACPI: Added _OSI(Processor Device)
[   21.932041] ACPI: Added _OSI(3.0 _SCP Extensions)
[   21.959950] ACPI: Added _OSI(Processor Aggregator Device)
[   22.000958] ACPI: Executed 1 blocks of module-level executable AML code
[   22.024510] ACPI: Interpreter enabled
[   22.031662] ACPI: (supports S0 S5)
[   22.052169] ACPI: Using IOAPIC for interrupt routing
[   22.084716] PCI: Using host bridge windows from ACPI; if necessary, use "pci=nocrs" and report a bug
[   22.137912] ACPI: PCI Root Bridge [PCI0] (domain 0000 [bus 00-ff])
[   22.200396] acpi PNP0A03:00: _OSC: OS supports [ASPM ClockPM Segments MSI]
[   22.265578] acpi PNP0A03:00: _OSC: not requesting OS control; OS requires [ExtendedConfig ASPM ClockPM MSI]
[   22.335752] acpi PNP0A03:00: fail to add MMCONFIG information, can't access extended PCI configuration space under this bridge.
[   22.430643] PCI host bridge to bus 0000:00
[   22.472734] pci_bus 0000:00: root bus resource [io  0x0000-0x0cf7 window]
[   22.527266] pci_bus 0000:00: root bus resource [io  0x0d00-0xffff window]
[   22.595114] pci_bus 0000:00: root bus resource [mem 0x000a0000-0x000bffff window]
[   22.636922] pci_bus 0000:00: root bus resource [mem 0x40000000-0xfdffffff window]
[   22.690053] pci_bus 0000:00: root bus resource [bus 00-ff]
[   22.746685] pci 0000:00:01.1: legacy IDE quirk: reg 0x10: [io  0x01f0-0x01f7]
[   22.772248] pci 0000:00:01.1: legacy IDE quirk: reg 0x14: [io  0x03f6]
[   22.820902] pci 0000:00:01.1: legacy IDE quirk: reg 0x18: [io  0x0170-0x0177]
[   22.891044] pci 0000:00:01.1: legacy IDE quirk: reg 0x1c: [io  0x0376]
[   22.963691] pci 0000:00:07.0: quirk: [io  0x4000-0x403f] claimed by PIIX4 ACPI
[   23.040664] pci 0000:00:07.0: quirk: [io  0x4100-0x410f] claimed by PIIX4 SMB
[   23.135093] ACPI: PCI Interrupt Link [LNKA] (IRQs 5 9 10 *11)
[   23.150692] ACPI: PCI Interrupt Link [LNKB] (IRQs 5 9 *10 11)
[   23.153608] ACPI: PCI Interrupt Link [LNKC] (IRQs 5 *9 10 11)
[   23.161470] ACPI: PCI Interrupt Link [LNKD] (IRQs 5 9 10 *11)
[   23.171292] ACPI: Enabled 2 GPEs in block 00 to 07
[   23.187211] vgaarb: setting as boot device: PCI:0000:00:02.0
[   23.194988] vgaarb: device added: PCI:0000:00:02.0,decodes=io+mem,owns=io+mem,locks=none
[   23.208889] vgaarb: loaded
[   23.218123] vgaarb: bridge control possible 0000:00:02.0
[   23.232687] SCSI subsystem initialized
[   23.243573] ACPI: bus type USB registered
[   23.252324] usbcore: registered new interface driver usbfs
[   23.296818] usbcore: registered new interface driver hub
[   23.344826] usbcore: registered new device driver usb
[   23.387589] PCI: Using ACPI for IRQ routing
[   23.462525] NetLabel: Initializing
[   23.463822] NetLabel:  domain hash size = 128
[   23.486163] NetLabel:  protocols = UNLABELED CIPSOv4
[   23.529862] NetLabel:  unlabeled traffic allowed by default
[   23.532056] amd_nb: Cannot enumerate AMD northbridges
[   23.617452] clocksource: Switched to clocksource kvm-clock
[   2706119] AppArmor: AppArmor Filesystem Enabled
[   23.763387] pnp PP PIinit
  3.60] pnp:nP APIfod 3 devices

[  2.373 cckure:ac_p mk:0xffff mx_ccls:xfff, x_dlns207002ns
[   25.494626] NET: Registered protocol family 2

[   25.503846] TCP establishedha tblenie 892orr: 4,556 yt)  6.074]CPinhah abe tres 819 (de 5131072 byes
[   269127TC: shtale configre(etalihe81 bd 92
[ 27708]DP ha tabl eri: 2 rdr:, 38bys)
[ 28683]DPitha tble entris: 52 (ode 2164 te
  9.24] T:egted otolamy 
[ 29853491 pi 00000. Litg re PI/I aner
[ 30170]ci000:0:01.0:AcvangSADM hg workarounds
[ 31940]npki itrfs.
[   33783]renginitd mo: 79
[  31553RA P deced A ut  232ous,4 fxecote 137820 ms oflim
  5.94]  uitofomn 0-re2^-0oules
[   36.019746] hw unit of domain package 2^-0 Joules
[   36.106945] hw unit of domain dram 2^-0 Joules
[   36.123386] hw unit of domain pp1-gpu 2^-0 Joules
[  31961pltfm c_osrestedlafom C evice (no PNP device found)
[ 36.924]cainfolomeryorptn eve 6send
[ 377491] tsc Rin T cckoue liatn:7953MH

[   38.588757] clocksource: tsc: mask: 0xffffffffffffffff max_cycle 09fd87bma_ie_ns: 0752168 
ÿ[   38.892]ud: nialinneinsuysdibl)
[   38.589607] audit: type=2000 audit(1520422670.645:1): initialized
[   38.590160] Initialise system trusted keyring
[   38.590329] HugeTLB registered 2 MB page size, pre-allocated 0 pages
[   38.592973] zbud: loaded
[   38.593243] VFS: Disk quotas dquot_6.6.0
[   38.593289] VFS: Dquot-cache hash table entries: 512 (order 0, 4096 bytes)
[   38.593775] squashfs: version 4.0 (2009/01/31) Phillip Lougher
[   38.594124] fuse init (API version 7.23)
[   38.594307] Key type big_key registered
[   38.594344] Allocating IMA MOK and blacklist keyrings.
[   38.594667] Key type asymmetric registered
[   38.594677] Asymmetric key parser 'x509' registered
[   38.594729] Block layer SCSI generic (bsg) driver version 0.4 loaded (major 249)
[   38.594757] io scheduler noop registered
[   38.594760] io scheduler deadline registered (default)
[   38.594801] io scheduler cfq registered
[   38.594944] pci_hotplug: PCI Hot Plug PCI Core version: 0.5
[   38.594953] pciehp: PCI Express Hot Plug Controller Driver version: 0.4
[   38.595531] ACPI: AC Adapter [AC] (on-line)
[   38.595617] input: Power Button as /devices/LNXSYSTM:00/LNXPWRBN:00/input/input0
[   38.595622] ACPI: Power Button [PWRF]
[   38.595777] input: Sleep Button as /devices/LNXSYSTM:00/LNXSLPBN:00/input/input1
[   38.595780] ACPI: Sleep Button [SLPF]
[   38.596022] GHES: HEST is not enabled!
[   38.597759] ACPI: Battery Slot [BAT0] (battery present)
[   38.597833] Serial: 8250/16550 driver, 32 ports, IRQ sharing enabled
[   39.158746] 00:02: ttyS0 at I/O 0x3f8 (irq = 4, base_baud = 115200) is a 16550A
[   39.868747] Linux agpgart interface v0.103
[   39.887421] loop: module loaded
[   39.887979] scsi host0: ata_piix
[   39.888031] scsi host1: ata_piix
[   39.888059] ata1: PATA max UDMA/33 cmd 0x1f0 ctl 0x3f6 bmdma 0xd000 irq 14
[   39.888060] ata2: PATA max UDMA/33 cmd 0x170 ctl 0x376 bmdma 0xd008 irq 15
[   39.888125] libphy: Fixed MDIO Bus: probed
[   39.888126] tun: Universal TUN/TAP device driver, 1.6
[   39.888127] tun: (C) 1999-2004 Max Krasnyansky <maxk@qualcomm.com>
[   39.888524] PPP generic driver version 2.4.2
[   39.888572] ehci_hcd: USB 2.0 'Enhanced' Host Controller (EHCI) Driver
[   39.888576] ehci-pci: EHCI PCI platform driver
[   39.888590] ehci-platform: EHCI generic platform driver
[   39.888596] ohci_hcd: USB 1.1 'Open' Host Controller (OHCI) Driver
[   39.888599] ohci-pci: OHCI PCI platform driver
[   39.888607] ohci-platform: OHCI generic platform driver
[   39.888613] uhci_hcd: USB Universal Host Controller Interface driver
[   39.888665] i8042: PNP: PS/2 Controller [PNP0303:PS2K,PNP0f03:PS2M] at 0x60,0x64 irq 1,12
[   39.909846] serio: i8042 KBD port at 0x60,0x64 irq 1
[   39.909851] serio: i8042 AUX port at 0x60,0x64 irq 12
[   39.909976] mousedev: PS/2 mouse device common for all mice
[   39.910334] rtc_cmos rtc_cmos: rtc core: registered rtc_cmos as rtc0
[   39.910393] rtc_cmos rtc_cmos: alarms up to one day, 114 bytes nvram
[   39.910399] i2c /dev entries driver
[   39.910458] device-mapper: uevent: version 1.0.3
[   39.910511] device-mapper: ioctl: 4.34.0-ioctl (2015-10-28) initialised: dm-devel@redhat.com
[   39.910529] ledtrig-cpu: registered to indicate activity on CPUs
[   39.910804] NET: Registered protocol family 10
[   39.910954] NET: Registered protocol family 17
[   39.910965] Key type dns_resolver registered
[   39.938423] microcode: CPU0 sig=0x306d4, pf=0x40, revision=0x0
[   39.938457] microcode: CPU1 sig=0x306d4, pf=0x40, revision=0x0
[   39.938544] microcode: Microcode Update Driver: v2.01 <tigran@aivazian.fsnet.co.uk>, Peter Oruba
[   39.938660] registered taskstats version 1
[   39.938672] Loading compiled-in X.509 certificates
[   39.939317] Loaded X.509 cert 'Build time autogenerated kernel key: 4c603087bab8f0a02cb3b4e1fb4c40f507e71ef1'
[   39.939335] zswap: loaded using pool lzo/zbud
[   39.941086] Key type trusted registered
[   39.944087] Key type encrypted registered
[   39.944093] AppArmor: AppArmor sha1 policy hashing enabled
[   39.944097] ima: No TPM chip found, activating TPM-bypass!
[   39.944115] evm: HMAC attrs: 0x1
[   39.944553]   Magic number: 10:253:630
[   39.984665] rtc_cmos rtc_cmos: setting system clock to 2018-03-07 11:38:09 UTC (1520422689)
[   39.984800] BIOS EDD facility v0.16 2004-Jun-25, 0 devices found
[   39.984800] EDD information not available.
[   40.145280] input: AT Translated Set 2 keyboard as /devices/platform/i8042/serio0/input/input2
[   44.319632] Freeing unused kernel memory: 1508K
[   44.435968] Write protecting the kernel read-only data: 14336k
[   44.595455] Freeing unused kernel memory: 1728K
[   44.667593] Freeing unused kernel memory: 108K
Loading, please wait...
starting version[   44.710072] random: systemd-udevd: uninitialized urandom read (16 bytes read, 7 bits of entropy available)
 229
[   44.711278] random: udevadm: uninitialized urandom read (16 bytes read, 7 bits of entropy available)
[   44.711314] random: udevadm: uninitialized urandom read (16 bytes read, 7 bits of entropy available)
[   44.729660] random: udevadm: uninitialized urandom read (16 bytes read, 7 bits of entropy available)
[   44.729728] random: udevadm: uninitialized urandom read (16 bytes read, 7 bits of entropy available)
[   44.729959] random: udevadm: uninitialized urandom read (16 bytes read, 7 bits of entropy available)
[   44.730046] random: udevadm: uninitialized urandom read (16 bytes read, 7 bits of entropy available)
[   44.730136] random: udevadm: uninitialized urandom read (16 bytes read, 7 bits of entropy available)
[   44.730222] random: udevadm: uninitialized urandom read (16 bytes read, 7 bits of entropy available)
[   44.730307] random: udevadm: uninitialized urandom read (16 bytes read, 7 bits of entropy available)
[   45.478287] e1000: Intel(R) PRO/1000 Network Driver - version 7.3.21-k8-NAPI
[   45.539137] e1000: Copyright (c) 1999-2006 Intel Corporation.
[   45.545140] Fusion MPT base driver 3.04.20
[   45.575963] Copyright (c) 1999-2008 LSI Corporation
[   45.582652] Fusion MPT SPI Host driver 3.04.20
[   45.635628] AVX2 version of gcm_enc/dec engaged.
[   45.661794] AES CTR mode by8 optimization enabled
[   45.877173] input: ImExPS/2 Generic Explorer Mouse as /devices/platform/i8042/serio1/input/input4
[   46.026976] e1000 0000:00:03.0 eth0: (PCI:33MHz:32-bit) 02:db:14:78:b4:e6
[   46.110042] e1000 0000:00:03.0 eth0: Intel(R) PRO/1000 Network Connection
[   46.219038] mptbase: ioc0: Initiating bringup
[   46.364867] ioc0: LSI53C1030 A0: Capabilities={Initiator}
[   47.307845] scsi host2: ioc0: LSI53C1030 A0, FwRev=00000000h, Ports=1, MaxQ=256, IRQ=20
[   48.322278] scsi 2:0:0:0: Direct-Access     VBOX     HARDDISK         1.0  PQ: 0 ANSI: 5
[   48.362393] scsi target2:0:0: Beginning Domain Validation
[   48.375787] scsi target2:0:0: Domain Validation skipping write tests
[   48.394639] scsi target2:0:0: Ending Domain Validation
[   48.408593] scsi target2:0:0: asynchronous
[   48.412962] scsi 2:0:1:0: Direct-Access     VBOX     HARDDISK         1.0  PQ: 0 ANSI: 5
[   48.419438] scsi target2:0:1: Beginning Domain Validation
[   48.439759] scsi target2:0:1: Domain Validation skipping write tests
[   48.443327] scsi target2:0:1: Ending Domain Validation
[   48.463465] scsi target2:0:1: asynchronous
[   48.486631] sd 2:0:0:0: Attached scsi generic sg0 type 0
[   48.500747] sd 2:0:0:0: [sda] 20971520 512-byte logical blocks: (10.7 GB/10.0 GiB)
[   48.508904] sd 2:0:1:0: [sdb] 20480 512-byte logical blocks: (10.5 MB/10.0 MiB)
[   48.513053] sd 2:0:1:0: Attached scsi generic sg1 type 0
[   48.517830] sd 2:0:1:0: [sdb] Write Protect is off
[   48.538155] sd 2:0:0:0: [sda] Write Protect is off
[   48.541267] sd 2:0:1:0: [sdb] Incomplete mode parameter data
[   48.543575] sd 2:0:1:0: [sdb] Assuming drive cache: write through
[   48.553550] sd 2:0:0:0: [sda] Incomplete mode parameter data
[   48.565431] sd 2:0:0:0: [sda] Assuming drive cache: write through
[   48.567908] floppy0: no floppy controllers found
[   48.574105]  sda: sda1
[   48.580743] sd 2:0:1:0: [sdb] Attached SCSI disk
[   48.587937] sd 2:0:0:0: [sda] Attached SCSI disk
[   48.759193] e1000 0000:00:08.0 eth1: (PCI:33MHz:32-bit) 08:00:27:1a:f0:eb
[   48.846183] e1000 0000:00:08.0 eth1: Intel(R) PRO/1000 Network Connection
[   48.884745] e1000 0000:00:08.0 enp0s8: renamed from eth1
[   48.985859] e1000 0000:00:03.0 enp0s3: renamed from eth0
Begin: Loading e[   50.545919] md: linear personality registered for level -1
ssential drivers[   50.614339] md: multipath personality registered for level -4
 ... [   50.688977] md: raid0 personality registered for level 0
[   50.762563] md: raid1 personality registered for level 1
[   50.861729] raid6: sse2x1   gen()  8623 MB/s
[   50.989820] raid6: sse2x1   xor()  5820 MB/s
[   51.101504] raid6: sse2x2   gen() 11045 MB/s
[   51.229810] raid6: sse2x2   xor()  7004 MB/s
[   51.341482] raid6: sse2x4   gen() 10573 MB/s
[   51.465557] raid6: sse2x4   xor()  6292 MB/s
[   51.569637] raid6: avx2x1   gen() 13241 MB/s
[   51.661682] raid6: avx2x2   gen() 16835 MB/s
[   51.817643] raid6: avx2x4   gen() 20247 MB/s
[   51.852335] raid6: using algorithm avx2x4 gen() 20247 MB/s
[   51.903204] raid6: using avx2x2 recovery algorithm
[   51.952033] xor: automatically using best checksumming function:
[   52.117524]    avx       : 40039.000 MB/sec
[   52.206882] async_tx: api initialized (async)
[   52.230868] md: raid6 personality registered for level 6
[   52.251014] md: raid5 personality registered for level 5
[   52.252884] md: raid4 personality registered for level 4
[   52.289482] md: raid10 personality registered for level 10
done.
Begin: Running /scripts/init-premount ... done[   52.429351] Btrfs loaded
.
Begin: Mounting root file system ... Begin: Running /scripts/local-top ... done.
Begin: Running /scripts/local-premount ... Scanning for Btrfs filesystems
done.
Warning: fsck no[   52.523712] EXT4-fs (sda1): mounted filesystem with ordered data mode. Opts: (null)
t present, so skipping root file system
done.
Begin: Running /scripts/local-bottom ... done.
Begin: Running /scripts/init-bottom ... done.
[   52.837220] systemd[1]: systemd 229 running in system mode. (+PAM +AUDIT +SELINUX +IMA +APPARMOR +SMACK +SYSVINIT +UTMP +LIBCRYPTSETUP +GCRYPT +GNUTLS +ACL +XZ -LZ4 +SECCOMP +BLKID +ELFUTILS +KMOD -IDN)
[   53.268530] systemd[1]: Detected virtualization oracle.
[   53.345953] systemd[1]: Detected architecture x86-64.

Welcome to [1mUbuntu 16.04.3 LTS[0m!

[   53.480014] systemd[1]: Set hostname to <ubuntu>.
[   53.648399] systemd[1]: Initializing machine ID from random generator.
[   53.718606] systemd[1]: Installed transient /etc/machine-id file.
[   54.156552] random: nonblocking pool is initialized
[   54.225008] systemd[1]: Listening on Syslog Socket.
[[0;32m  OK  [0m] Listening on Syslog Socket.
[   54.323462] systemd[1]: Listening on udev Control Socket.
[[0;32m  OK  [0m] Listening on udev Control Socket.
[   54.454777] systemd[1]: Listening on LVM2 metadata daemon socket.
[[0;32m  OK  [0m] Listening on LVM2 metadata daemon socket.
[   54.711282] systemd[1]: Started Trigger resolvconf update for networkd DNS.
[[0;32m  OK  [0m] Started Trigger resolvconf update for networkd DNS.
[   54.886092] systemd[1]: Started Forward Password Requests to Wall Directory Watch.
[[0;32m  OK  [0m] Started Forward Password Requests to Wall Directory Watch.
[   54.942531] systemd[1]: Created slice User and Session Slice.
[[0;32m  OK  [0m] Created slice User and Session Slice.
[   55.006877] systemd[1]: Created slice System Slice.
[[0;32m  OK  [0m] Created slice System Slice.
[   55.141469] systemd[1]: Listening on Journal Audit Socket.
[[0;32m  OK  [0m] Listening on Journal Audit Socket.
[   55.218592] systemd[1]: Listening on Device-mapper event daemon FIFOs.
[[0;32m  OK  [0m] Listening on Device-mapper event daemon FIFOs.
[   55.406595] systemd[1]: Reached target Encrypted Volumes.
[[0;32m  OK  [0m] Reached target Encrypted Volumes.
[   55.590519] systemd[1]: Reached target User and Group Name Lookups.
[[0;32m  OK  [0m] Reached target User and Group Name Lookups.
[   55.666453] systemd[1]: Reached target Swap.
[[0;32m  OK  [0m] Reached target Swap.
[   55.694487] systemd[1]: Reached target Slices.
[[0;32m  OK  [0m] Reached target Slices.
[   55.751212] systemd[1]: Listening on Journal Socket (/dev/log).
[[0;32m  OK  [0m] Listening on Journal Socket (/dev/log).
[   55.991011] systemd[1]: Set up automount Arbitrary Executable File Formats File System Automount Point.
[[0;32m  OK  [0m] Set up automount Arbitrary Executab...ats File System Automount Point.
[   56.066196] systemd[1]: Listening on LVM2 poll daemon socket.
[[0;32m  OK  [0m] Listening on LVM2 poll daemon socket.
[   56.154493] systemd[1]: Listening on Journal Socket.
[[0;32m  OK  [0m] Listening on Journal Socket.
[   56.386524] systemd[1]: Starting Uncomplicated firewall...
         Starting Uncomplicated firewall...
[   56.554107] systemd[1]: Mounting Debug File System...
         Mounting Debug File System...
[   56.694199] systemd[1]: Starting Load Kernel Modules...
[   56.73608] Loadin iSIrapot css2.87.
         Starting Load Kernel Modules...
[   57.164171] iscsi: registered transport (tcp)
[   58.029982] systemd[1]: Starting Remount Root and Kernel File Systems...
         Startin[   58.040934] EXT4-fs (sda1): re-mounted. Opts: (null)
g Remount Root and Kernel File S[   58.161142] iscsi: registered transport (iser)
ystems...
[   58.225917] systemd[1]: Starting Set console keymap...
         Starting Set console keymap...
[   58.309723] systemd[1]: Mounting POSIX Message Queue File System...
         Mounting POSIX Message Queue File System...
[   58.394398] systemd[1]: Mounting Huge Pages File System...
         Mounting Huge Pages File System...
[   58.562403] systemd[1]: Starting Create list of required static device nodes for the current kernel...
         Starting Create list of required st... nodes for the current kernel...
[   58.742236] systemd[1]: Starting Journal Service...
         Starting Journal Service...
[   58.814247] systemd[1]: Starting Nameserver information manager...
         Starting Nameserver information manager...
[   58.950211] systemd[1]: Starting Monitoring of LVM2 mirrors, snapshots etc. using dmeventd or progrees polling...
         Starting Monitoring of LVM2 mirrors... dmeventd or progress polling...
[   59.225251] systemd[1]: Listening on /dev/initctl Compatibility Named Pipe.
[[0;32m  OK  [0m] Listening on /dev/initctl Compatibility Named Pipe.
[   59.410111] systemd[1]: Listening on udev Kernel Socket.
[[0;32m  OK  [0m] Listening on udev Kernel Socket.
[   59.458675] systemd[1]: Created slice system-serial\x2dgetty.slice.
[[0;32m  OK  [0m] Created slice system-serial\x2dgetty.slice.
[   59.684247] systemd[1]: Mounted POSIX Message Queue File System.
[[0;32m  OK  [0m] Mounted POSIX Message Queue File System.
[   59.962902] systemd[1]: Mounted Debug File System.
[[0;32m  OK  [0m] Mounted Debug File System.
[   60.122758] systemd[1]: Mounted Huge Pages File System.
[[0;32m  OK  [0m] Mounted Huge Pages File System.
[   60.263235] systemd[1]: Started Journal Service.
[[0;32m  OK  [0m] Started Journal Service.
[[0;32m  OK  [0m] Started Uncomplicated firewall.
[[0;32m  OK  [0m] Started Load Kernel Modules.
[[0;32m  OK  [0m] Started Remount Root and Kernel File Systems.
[[0;32m  OK  [0m] Started Set console keymap.
[[0;32m  OK  [0m] Started Create list of required sta...ce nodes for the current kernel.
[[0;32m  OK  [0m] Started Nameserver information manager.
[[0;32m  OK  [0m] Started LVM2 metadata daemon.
         Starting Create Static Device Nodes in /dev...
         Starting Initial cloud-init job (pre-networking)...
         Starting Load/Save Random Seed...
         Starting udev Coldplug all Devices...
         Mounting FUSE Control File System...
         Starting Apply Kernel Variables...
         Starting Flush Journal to Persistent Storage...
[[0;32m  OK  [0m] Mounted FUSE Control File System.
[[0;32m  OK  [0m] Started Monitoring of LVM2 mirrors,...ng dmeventd or progress polling.
[[0;32m  OK  [0m] Started Create Static Device Nodes in /dev.
[[0;32m  OK  [0m] Started Load/Save Random Seed.
[[0;32m  OK  [0m] Started Apply Kernel Variables.
[[0;32m  OK  [0m] Started udev Coldplug all Devices.
[[0;32m  OK  [0m] Started Flush Journal to Persistent Storage.
         Starting udev Kernel Device Manager...
[[0;32m  OK  [0m] Started udev Kernel Device Manager.
[[0;32m  OK  [0m] Reached target Local File Systems (Pre).
[[0;32m  OK  [0m] Reached target Local File Systems.
         Starting Tell Plymouth To Write Out Runtime Data...
         Starting LSB: AppArmor initialization...
         Starting Set console font and keymap...
         Starting Create Volatile Files and Directories...
         Starting Commit a transient machine-id on disk...
[[0;32m  OK  [0m] Started Dispatch Password Requests to Console Directory Watch.
[[0;32m  OK  [0m] Started Tell Plymouth To Write Out Runtime Data.
[[0;32m  OK  [0m] Started Create Volatile Files and Directories.
[[0;32m  OK  [0m] Started Commit a transient machine-id on disk.
[[0;32m  OK  [0m] Found device /dev/ttyS0.
         Starting Update UTMP about System Boot/Shutdown...
[[0;32m  OK  [0m] Reached target System Time Synchronized.
[[0;32m  OK  [0m] Started Update UTMP about System Boot/Shutdown.
[[0;1;31mFAILED[0m] Failed to start Set console font and keymap.
See 'systemctl status console-setup.service' for details.
[   39.856526] cloud-init[452]: Cloud-init v. 17.1 running 'init-local' at Wed, 07 Mar 2018 11:38:31 +0000. Up 39.27 seconds.
[[0;32m  OK  [0m] Started Initial cloud-init job (pre-networking).
[[0;32m  OK  [0m] Started LSB: AppArmor initialization.
[[0;32m  OK  [0m] Reached target Network (Pre).
         Starting Raise network interfaces...
[[0;32m  OK  [0m] Listening on Load/Save RF Kill Switch Status /dev/rfkill Watch.
[[0;32m  OK  [0m] Created slice system-getty.slice.
[[0;32m  OK  [0m] Started Raise network interfaces.
[[0;32m  OK  [0m] Reached target Network.
         Starting Initial cloud-init job (metadata service crawler)...
[   43.682584] cloud-init[937]: Cloud-init v. 17.1 running 'init' at Wed, 07 Mar 2018 11:38:35 +0000. Up 42.90 seconds.
[   43.800617] cloud-init[937]: ci-info: ++++++++++++++++++++++++++++++++++++++Net device info++++++++++++++++++++++++++++++++++++++
[   43.801028] cloud-init[937]: ci-info: +--------+-------+----------------------------+---------------+-------+-------------------+
[[0;32m  OK  [0m] Started Initial cloud-init job (metadata service crawler).
[   43.801229] cloud-init[937]: ci-info: | Device |   Up  |          Address           |      Mask     | Scope |     Hw-Address    |
[   44.220393] cloud-init[937]: ci-info: +--------+-------+----------------------------+---------------+-------+-------------------+
[[   44.221204] [0;32m  OK  [0mcloud-init] [937]: Reached target Cloud-config availability.ci-info: | enp0s3 |  True |         10.0.2.15          | 255.255.255.0 |   .   | 02:db:14:78:b4:e6 |

[   44.221942] cloud-init[937]: ci-info: | enp0s3 |  True | fe80::db:14ff:fe78:b4e6/64 |       .       |  link | 02:db:14:78:b4:e6 |
[   44.446779] cloud-init[937]: ci-info: | enp0s8 | False |             .              |       .       |   .   | 08:00:27:1a:f0:eb |
[[0;32m  OK  [0m] Reached target System Initialization.
[[   44.447258] cloud-init[937]: ci-info: |   lo   |  True |         127.0.0.1          |   255.0.0.0   |   .   |         .         |
[   44.716124] cloud-init[937]: ci-info: |   lo   |  True |          ::1/128           |       .       |  host |         .         |
[0;32m  OK  [0m] Started Daily Cleanup of Temporary Directories.
[   44.716274] cloud-init[937]: ci-info: +--------+-------+----------------------------+---------------+-------+-------------------+
[   45.229235] cloud-init[937]: ci-info: +++++++++++++++++++++++++++Route IPv4 info++++++++++++++++++++++++++++
[   45.230287] cloud-init[937]: ci-info: +-------+-------------+----------+---------------+-----------+-------+
         Starting Socket activation for snappy daemon.
[   45.230778] cloud-init[937]: ci-info: | Route | Destination | Gateway  |    Genmask    | Interface | Flags |
[   45.854062] cloud-init[937]: ci-info: +-------+-------------+----------+---------------+-----------+-------+
[[0;32m  OK  [0m] Listening on D-Bus System Message Bus Socket.
[   45.854450] cloud-init[937]: ci-info: |   0   |   0.0.0.0   | 10.0.2.2 |    0.0.0.0    |   enp0s3  |   UG  |
[   46.426082] cloud-init[937]: ci-info: |   1   |   10.0.2.0  | 0.0.0.0  | 255.255.255.0 |   enp0s3  |   U   |
[   46.426927] cloud-init[937]: ci-info: +-------+-------------+----------+---------------+-----------+-------+
         Starting LXD - unix socket.
[[   46.427396] cloud-init[937]: Generating public/private rsa key pair.
[   46.676733] cloud-init[937]: Your identification has been saved in /etc/ssh/ssh_host_rsa_key.
[0;32m  OK  [0m] Listening on UUID daemon activation socket.
[   46.677036] cloud-init[937]: Your public key has been saved in /etc/ssh/ssh_host_rsa_key.pub.
[   46.936752] cloud-init[937]: The key fingerprint is:
[[0;32m  OK  [0m] Started ACPI Events Check.
[   46.937562] cloud-init[937]: SHA256:FVX6o6pTFrgSfb4feODyR3xJ0blNa+pRb6P7vA86LBs root@ubuntu-xenial
[   47.092860] cloud-init[937]: The key's randomart image is:
[   47.093982] cloud-init[937]: +---[RSA 2048]----+
[[0;32m  OK  [0m] Reached target Paths.
[[   47.094548] cloud-init[937]: |          .......|
[   47.250844] cloud-init[937]: |           . ...o|
[0;32m  OK  [0m] Listening on ACPID Listen Socket.
[[   47.251201] cloud-init[937]: |       . .. .  o+|
[   47.374544] cloud-init[937]: |      . o.o  ..=.|
[0;32m  OK  [0m] Started Timer to automatically refresh installed snaps.
[[   47.374942] cloud-init[937]: |       .S+.o .*..|
[0;32m  OK  [0m] Reached target Network is Online.
[   47.454109] cloud-init[937]: |      . ..+oo+ooo|
[   47.528912] cloud-init[937]: |       ..oE+=.+..|
[   47.529726] cloud-init[[937]: [0;32m  OK  [0m|        .oo++=.. |] 
Started Daily apt download activities.
[   47.530427] cloud-init[937]: |        .o+=ooo++|
[   47.630800] cloud-init[937]: +----[SHA256]-----+
[[0;32m  OK  [0m] Started Daily apt upgrade and clean activities.
[   47.631441] cloud-init[937]: Generating public/private dsa key pair.
[   47.757156] cloud-init[937]: Your identification has been saved in /etc/ssh/ssh_host_dsa_key.
[[0;32m  OK  [0m] Reached target Timers.
[   47.757515] cloud-init[937]: Your public key has been saved in /etc/ssh/ssh_host_dsa_key.pub.
[   47.957033] cloud-init[937]: The key fingerprint is:
[   47.957879] cloud-init[937]: SHA256:sub651PIawlQ7GyuFVQFX7R8G1aH+2c7930dC4EzZIc root@ubuntu-xenial
         Starting iSCSI initiator daemon (iscsid)...
[[   47.958327] cloud-init[937]: The key's randomart image is:
[0;32m  OK  [0m] [   48.147648] Listening on Socket activation for snappy daemon.cloud-init
[937]: +---[DSA 1024]----+
[   48.275270] cloud-init[937]: |     . .oo..+  .o|
[   48.275841] cloud-init[937]: |      +  . E o...|
[[0;32m  OK  [0m] Listening on LXD - unix socket.
[   48.276181] cloud-init[937]: |     =    + = +. |
[   48.485139] cloud-init[937]: |    . =    + +.o |
[   48.485863] cloud-init[937]: |     +.oS.  o o. |
[[0;32m  OK  [0m] Reached target Sockets.
[   48.486235] cloud-init[937]: |      +oo .  . .+|
[[   48.557478] [0;32m  OK  [0mcloud-init] [937]: Reached target Basic System.|     oo. +    ..*|

[   48.558138] cloud-init[937]: |    .o  *      +=|
[[   48.597319] cloud-init[937]: |    .oo+..      B|
[   48.598628] cloud-init[937]: +----[SHA256]-----+
[0;32m  OK  [0m] Started Unattended Upgrades Shutdown.
[   48.599244] cloud-init[937]: Generating public/private ecdsa key pair.
[   48.699911] cloud-init[937]: Your identification has been saved in /etc/ssh/ssh_host_ecdsa_key.
[[0;32m  OK  [0m] Started FUSE filesystem for LXC.
[   48.787855] cloud-init[937]: Your public key has been saved in /etc/ssh/ssh_host_ecdsa_key.pub.
[   48.885169] cloud-init[937]: The key fingerprint is:
[[0;32m  OK  [0m] Started ACPI event daemon.
[   48.902002] cloud-init[937]: SHA256:CSP1EP+QsWcrAPOThBfBA/5Ng9JszevUE8ge8osWbag root@ubuntu-xenial
[   48.972804] cloud-init[937]: The key's randomart image is:
[   48.973066] cloud-init[937]: +---[ECDSA 256]---+
[   48.973502] cloud-init[937]: |    ++B+.        |
[   48.973718] cloud-init[937]: |   ..O+X =       |
[   48.973860] cloud-init[937]: |    +.&.# +      |
[   48.973960] cloud-init[937]: |     = & @ o     |
[   48.974136] cloud-init[937]: |      + S =      |
[   48.974252] cloud-init[937]: |     . * o .     |
[   48.974479] cloud-init[937]: |    E o o        |
[   48.974578] cloud-init[937]: |     .           |
[   48.974683] cloud-init[937]: |                 |
[   48.974833] cloud-init[937]: +----[SHA256]-----+
[   48.974932] cloud-init[937]: Generating public/private ed25519 key pair.
[   48.975010] cloud-init[937]: Your identification has been saved in /etc/ssh/ssh_host_ed25519_key.
[   48.975143] cloud-init[937]: Your public key has been saved in /etc/ssh/ssh_host_ed25519_key.pub.
[   48.975237] cloud-init[937]: The key fingerprint is:
[   48.975389] cloud-init[937]: SHA256:gg8XVFeQS8V8eU4/0+K+z/mVf7FI9YMs6UWNVSWqAI0 root@ubuntu-xenial
[   48.975552] cloud-init[937]: The key's randomart image is:
[   48.975657] cloud-init[937]: +--[ED25519 256]--+
[   48.975792] cloud-init[937]: |      o+. oBo ..=|
[   48.975906] cloud-init[937]: |     .E...o o.ooo|
[   48.976048] cloud-init[937]: |      . .. ...++o|
         Starting LSB: MD monitoring daemon...
[   48.976257] cloud-init[937]: |     . . ... o.=+|
[[0;32m  OK  [0m] Started D-Bus System Message Bus.
[   50.015411] cloud-init[937]: |    o o S . +.o.+|
[[0;32m  OK  [0m] Started Deferred execution scheduler.
[   50.088505] cloud-init[937]: |     + .   o =.oo|
[   50.140772] cloud-init[937]: |      .   . +...=|
         Starting Pollinate to seed the pseudo random number generator...
[   50.143413] cloud-init[937]: |           . ..o=|
[   50.252518] cloud-init[937]: |              .+B|
         Starting System Logging Service...
[   50.253818] cloud-init[937]: +----[SHA256]-----+
         Starting LSB: Record successful boot for GRUB...
         Starting Accounts Service...
         Starting Login Service...
         Starting /etc/rc.local Compatibility...
         Starting Snappy daemon...
         Starting Apply the settings specified in cloud-config...
         Starting LXD - container startup/shutdown...
[[0;32m  OK  [0m] Started Regular background program processing daemon.
[[0;32m  OK  [0m] Started System Logging Service.
[[0;32m  OK  [0m] Started iSCSI initiator daemon (iscsid).
[[0;32m  OK  [0m] Started /etc/rc.local Compatibility.
[[0;32m  OK  [0m] Started LSB: Record successful boot for GRUB.
[[0;32m  OK  [0m] Started LSB: MD monitoring daemon.
[[0;32m  OK  [0m] Started Pollinate to seed the pseudo random number generator.
[[0;32m  OK  [0m] Started Snappy daemon.
[[0;32m  OK  [0m] Started Login Service.
         Starting Authenticate and Authorize Users to Run Privileged Tasks...
         Starting OpenBSD Secure Shell server...
         Starting Login to default iSCSI targets...
[[0;32m  OK  [0m] Started OpenBSD Secure Shell server.
[[0;32m  OK  [0m] Started LXD - container startup/shutdown.
[[0;32m  OK  [0m] Started Authenticate and Authorize Users to Run Privileged Tasks.
[[0;32m  OK  [0m] Started Accounts Service.
[[0;32m  OK  [0m] Started Login to default iSCSI targets.
[[0;32m  OK  [0m] Reached target Remote File Systems (Pre).
[[0;32m  OK  [0m] Reached target Remote File Systems.
         Starting LSB: automatic crash report generation...
         Starting LSB: daemon to balance interrupts for SMP systems...
         Starting LSB: Set the CPU Frequency Scaling governor to "ondemand"...
         Starting LSB: VirtualBox Linux Additions...
         Starting Permit User Sessions...
[[0;32m  OK  [0m] Started Permit User Sessions.
[[0;32m  OK  [0m] Started LSB: daemon to balance interrupts for SMP systems.
[[0;32m  OK  [0m] Started LSB: automatic crash report generation.
[[0;32m  OK  [0m] Started LSB: Set the CPU Frequency Scaling governor to "ondemand".
[   51.689028] cloud-init[1117]: Generating locales (this might take a while)...
[[0;32m  OK  [0m] Created slice User Slice of vagrant.
[[0;32m  OK  [0m] Started Session 1 of user vagrant.
         Starting User Manager for UID 1000...
         Starting Hold until boot process finishes up...
         Starting Terminate Plymouth Boot Screen...
[[0;32m  OK  [0m] Started User Manager for UID 1000.
[[0;32m  OK  [0m] Started LSB: VirtualBox Linux Additions.
[[0;32m  OK  [0m] Started Hold until boot process finishes up.
[[0;32m  OK  [0m] Started Terminate Plymouth Boot Screen.
         Starting Set console scheme...
[[0;32m  OK  [0m] Started Serial Getty on ttyS0.
[[0;32m  OK  [0m] Started Getty on tty1.
[[0;32m  OK  [0m] Reached target Login Prompts.
[[0;32m  OK  [0m] Reached target Multi-User System.
[[0;32m  OK  [0m] Reached target Graphical Interface.
         Starting Update UTMP about System Runlevel Changes...
[[0;32m  OK  [0m] Started Set console scheme.
[[0;32m  OK  [0m] Started Update UTMP about System Runlevel Changes.
[   52.695815] cloud-init[1117]:   en_US.UTF-8... done
[   52.729536] cloud-init[1117]: Generation complete.
[   53.316882] cloud-init[1117]: Cloud-init v. 17.1 running 'modules:config' at Wed, 07 Mar 2018 11:38:44 +0000. Up 51.48 seconds.
[[0;32m  OK  [0m] Started Apply the settings specified in cloud-config.
         Starting Execute cloud user/final scripts...
ci-info: no authorized ssh keys fingerprints found for user ubuntu.
<14>Mar  7 11:38:46 ec2: 
<14>Mar  7 11:38:46 ec2: #############################################################
<14>Mar  7 11:38:46 ec2: -----BEGIN SSH HOST KEY FINGERPRINTS-----
<14>Mar  7 11:38:46 ec2: 1024 SHA256:sub651PIawlQ7GyuFVQFX7R8G1aH+2c7930dC4EzZIc root@ubuntu-xenial (DSA)
<14>Mar  7 11:38:46 ec2: 256 SHA256:CSP1EP+QsWcrAPOThBfBA/5Ng9JszevUE8ge8osWbag root@ubuntu-xenial (ECDSA)
<14>Mar  7 11:38:46 ec2: 256 SHA256:gg8XVFeQS8V8eU4/0+K+z/mVf7FI9YMs6UWNVSWqAI0 root@ubuntu-xenial (ED25519)
<14>Mar  7 11:38:46 ec2: 2048 SHA256:FVX6o6pTFrgSfb4feODyR3xJ0blNa+pRb6P7vA86LBs root@ubuntu-xenial (RSA)
<14>Mar  7 11:38:46 ec2: -----END SSH HOST KEY FINGERPRINTS-----
<14>Mar  7 11:38:46 ec2: #############################################################
-----BEGIN SSH HOST KEY KEYS-----
ecdsa-sha2-nistp256 AAAAE2VjZHNhLXNoYTItbmlzdHAyNTYAAAAIbmlzdHAyNTYAAABBBAtYAeQJp0kegyO0+YW1JCBuTG2jwUMowdXtKU19RDkCJf3qa6LaMFM1ndtyqk5itv6jUAburJwXgAcGmgGHLOc= root@ubuntu-xenial
ssh-ed25519 AAAAC3NzaC1lZDI1NTE5AAAAICO2xSd6Xt9lTCEXbIDEzr5qZfIkaXmq0BEs4Rw5+Nd1 root@ubuntu-xenial
ssh-rsa AAAAB3NzaC1yc2EAAAADAQABAAABAQDw+Ds+LgoKwN2IxFQRu7VOZCCHlpfAul+4oeapLuUPo+CykzhP8vL5p+ELJDAbDTdpMQGScZdTvl7+kcpAWkVh09vFytpInce9TOABRNd4A6WPQI/tIg643zkMmtCqppkYPfwPh7ARA8BnVFTQU5+mVzpKTkoZc7Pa4TqDyon9d/d9CK3A3jUEn2C3fb5LfvK4d8Nw+UHKVIzQ8liL3sxrvRFMMOJgbShYXrBLniCE+VvaZwO10cYWnkGk7iIIAT3iayXhzGBacZjiBnZZRx1iTj84WIhLTNJC/wMWPp5h8JGkYj9H3HC/5pt+TJgAKpmS6B7RP/PE3ogJSEkGkzsR root@ubuntu-xenial
-----END SSH HOST KEY KEYS-----
         Stopping User Manager for UID 1000...
[[0;32m  OK  [0m] Stopped User Manager for UID 1000.
[[0;32m  OK  [0m] Removed slice User Slice of vagrant.
[   54.572781] cloud-init[1393]: Cloud-init v. 17.1 running 'modules:final' at Wed, 07 Mar 2018 11:38:46 +0000. Up 53.88 seconds.
[   54.677141] cloud-init[1393]: ci-info: no authorized ssh keys fingerprints found for user ubuntu.
[[0;32m  OK  [0m] Started Execute cloud user/final scripts.
[   54.677944] cloud-init[1393]: Cloud-init v. 17.1 finished at Wed, 07 Mar 2018 11:38:47 +0000. Datasource DataSourceNoCloud [seed=/dev/sdb][dsmode=net].  Up 54.51 seconds
[[0;32m  OK  [0m] Created slice User Slice of vagrant.
         Starting User Manager for UID 1000...
[[0;32m  OK  [0m] Reached target Cloud-init target.
[[0;32m  OK  [0m] Started User Manager for UID 1000.

Ubuntu 16.04.3 LTS ubuntu-xenial ttyS0

ubuntu-xenial login: 